Start at Tuesday, July 06, 2010    16:16:27
=========================================

Registration Info : 

Windows Version:
Microsoft Windows XP Home Edition Service Pack 3 (Build 2600)

Module Info:
Company: fCoder Group, Inc.
Product Name: ImageConverter Plus
Product Version: 8.0.174.100707

CPU Info:
Mode: x32 bit
Vendor: GenuineIntel
Vendor ID: Intel Corporation
Extended Processor Name: Unknown P6 family
Procesor Clock Frequecy: 1595
Logical processors per physical: 2
Stepping code: 2
MMX support: yes
MMX+ support: no
SSE support: yes
SSE2 support: yes
3DNow suppor: no
3DNow+ suppor: no
AI64 support: no
Hyperthreading support: no
L1 cache size: -1
L2 cache size: -1
L3 cache size: -1

Monitor info:
Color depth: 32 Bits per pixel.
Pixel Width: 1024
Pixel Height: 600
Refresh frequency: 60 Hz

Internet Explorer Version: 6.0
Build Number: 2900

Printers list: 
\\192.168.0.44\HP LaserJet P1006
Send To OneNote 2007
Microsoft XPS Document Writer
HP LaserJet 2420 PS
HP LaserJet 1020
Canon iP1800 series
Auto HP LaserJet P1006 on HISERVER

Default printer: 
Canon iP1800 series


Profile settings:

Operations:

Format properties:
    Extension: eps
    bits per pixel : 24
    create thumbnail : No

Save properties:
    Destination path: {Source path}
    convert with subfolders : yes
    restore subfolder structure in target folder : yes
    open target folder after conversion : yes
    create log file in target folder : yes

Target file name properties:
    Name template: {Title}.{Type}
    what to do, if file exists : auto_rename
    delete source images : no

Processing files...

=====================================================================

File 1 of 4

RAM free    :     109.7 of    1015.2 Mb
Virtual free:    1818.0 of    2047.9 Mb
Target free disk space :    5775.2 of   39236.9 Mb
Temp free disk space   :     467.0 of   14983.5 Mb

Src info : D:\Documents\projects\in progress\TA\TAAR\images\Imagina95_1c.gif
gif, 306x173px, 8bpp, 1 page(s), 43632 bytes
Load all pages :  ok

Save :  ok

=====================================================================

File 2 of 4

RAM free    :     108.9 of    1015.2 Mb
Virtual free:    1818.0 of    2047.9 Mb
Target free disk space :    5774.9 of   39236.9 Mb
Temp free disk space   :     467.0 of   14983.5 Mb

Src info : D:\Documents\projects\in progress\TA\TAAR\images\Imagina95_1d.gif
gif, 306x166px, 8bpp, 1 page(s), 29937 bytes
Load all pages :  ok

Save :  ok

=====================================================================

File 3 of 4

RAM free    :     108.5 of    1015.2 Mb
Virtual free:    1818.0 of    2047.9 Mb
Target free disk space :    5774.6 of   39236.9 Mb
Temp free disk space   :     467.0 of   14983.5 Mb

Src info : D:\Documents\projects\in progress\TA\TAAR\images\Imagina95_1a.gif
gif, 306x166px, 8bpp, 1 page(s), 38370 bytes
Load all pages :  ok

Save :  ok

=====================================================================

File 4 of 4

RAM free    :     108.2 of    1015.2 Mb
Virtual free:    1818.0 of    2047.9 Mb
Target free disk space :    5774.3 of   39236.9 Mb
Temp free disk space   :     467.0 of   14983.5 Mb

Src info : D:\Documents\projects\in progress\TA\TAAR\images\Imagina95_1b.gif
gif, 306x172px, 8bpp, 1 page(s), 36743 bytes
Load all pages :  ok

Save :  ok

Complete at Tuesday, July 06, 2010    16:16:31
=========================================
Start at Tuesday, July 06, 2010    16:20:31
=========================================

Registration Info : 

Windows Version:
Microsoft Windows XP Home Edition Service Pack 3 (Build 2600)

Module Info:
Company: fCoder Group, Inc.
Product Name: ImageConverter Plus
Product Version: 8.0.174.100707

CPU Info:
Mode: x32 bit
Vendor: GenuineIntel
Vendor ID: Intel Corporation
Extended Processor Name: Unknown P6 family
Procesor Clock Frequecy: 1595
Logical processors per physical: 2
Stepping code: 2
MMX support: yes
MMX+ support: no
SSE support: yes
SSE2 support: yes
3DNow suppor: no
3DNow+ suppor: no
AI64 support: no
Hyperthreading support: no
L1 cache size: -1
L2 cache size: -1
L3 cache size: -1

Monitor info:
Color depth: 32 Bits per pixel.
Pixel Width: 1024
Pixel Height: 600
Refresh frequency: 60 Hz

Internet Explorer Version: 6.0
Build Number: 2900

Printers list: 
\\192.168.0.44\HP LaserJet P1006
Send To OneNote 2007
Microsoft XPS Document Writer
HP LaserJet 2420 PS
HP LaserJet 1020
Canon iP1800 series
Auto HP LaserJet P1006 on HISERVER

Default printer: 
Canon iP1800 series


Profile settings:

Operations:

Format properties:
    Extension: png
    bits per pixel : 24
    compression level : 5
    quantization levels : 8
    dithering : yes
    use source alpha channel for indexed modes : yes

Save properties:
    Destination path: {Source path}
    convert with subfolders : yes
    restore subfolder structure in target folder : yes
    open target folder after conversion : yes
    create log file in target folder : yes

Target file name properties:
    Name template: {Title}.{Type}
    what to do, if file exists : auto_rename
    delete source images : no

Processing files...

=====================================================================

File 1 of 4

RAM free    :      93.2 of    1015.2 Mb
Virtual free:    1793.2 of    2047.9 Mb
Target free disk space :    5773.9 of   39236.9 Mb
Temp free disk space   :     466.9 of   14983.5 Mb

Src info : D:\Documents\projects\in progress\TA\TAAR\images\Imagina95_1b.gif
gif, 306x172px, 8bpp, 1 page(s), 36743 bytes
Load all pages :  ok

Save :  ok

Dest info : D:\Documents\projects\in progress\TA\TAAR\images\Imagina95_1b.png
png, 306x172px, 24bpp, 1 page(s), 96.000000x96.000000 dpi, 39911 bytes

=====================================================================

File 2 of 4

RAM free    :      92.3 of    1015.2 Mb
Virtual free:    1793.2 of    2047.9 Mb
Target free disk space :    5773.9 of   39236.9 Mb
Temp free disk space   :     466.9 of   14983.5 Mb

Src info : D:\Documents\projects\in progress\TA\TAAR\images\Imagina95_1c.gif
gif, 306x173px, 8bpp, 1 page(s), 43632 bytes
Load all pages :  ok

Save :  ok

Dest info : D:\Documents\projects\in progress\TA\TAAR\images\Imagina95_1c.png
png, 306x173px, 24bpp, 1 page(s), 96.000000x96.000000 dpi, 55262 bytes

=====================================================================

File 3 of 4

RAM free    :      92.2 of    1015.2 Mb
Virtual free:    1793.2 of    2047.9 Mb
Target free disk space :    5773.8 of   39236.9 Mb
Temp free disk space   :     466.9 of   14983.5 Mb

Src info : D:\Documents\projects\in progress\TA\TAAR\images\Imagina95_1d.gif
gif, 306x166px, 8bpp, 1 page(s), 29937 bytes
Load all pages :  ok

Save :  ok

Dest info : D:\Documents\projects\in progress\TA\TAAR\images\Imagina95_1d.png
png, 306x166px, 24bpp, 1 page(s), 96.000000x96.000000 dpi, 43546 bytes

=====================================================================

File 4 of 4

RAM free    :      92.1 of    1015.2 Mb
Virtual free:    1793.2 of    2047.9 Mb
Target free disk space :    5773.8 of   39236.9 Mb
Temp free disk space   :     466.9 of   14983.5 Mb

Src info : D:\Documents\projects\in progress\TA\TAAR\images\Imagina95_1a.gif
gif, 306x166px, 8bpp, 1 page(s), 38370 bytes
Load all pages :  ok

Save :  ok

Dest info : D:\Documents\projects\in progress\TA\TAAR\images\Imagina95_1a.png
png, 306x166px, 24bpp, 1 page(s), 96.000000x96.000000 dpi, 49272 bytes

Complete at Tuesday, July 06, 2010    16:20:32
=========================================
Start at Friday, July 09, 2010    14:41:23
=========================================

Start at Friday, July 09, 2010    14:41:53
=========================================

Registration Info : 

Windows Version:
Microsoft Windows XP Home Edition Service Pack 3 (Build 2600)

Module Info:
Company: fCoder Group, Inc.
Product Name: ImageConverter Plus
Product Version: 8.0.174.100707

CPU Info:
Mode: x32 bit
Vendor: GenuineIntel
Vendor ID: Intel Corporation
Extended Processor Name: Unknown P6 family
Procesor Clock Frequecy: 1595
Logical processors per physical: 2
Stepping code: 2
MMX support: yes
MMX+ support: no
SSE support: yes
SSE2 support: yes
3DNow suppor: no
3DNow+ suppor: no
AI64 support: no
Hyperthreading support: no
L1 cache size: -1
L2 cache size: -1
L3 cache size: -1

Monitor info:
Color depth: 32 Bits per pixel.
Pixel Width: 1024
Pixel Height: 600
Refresh frequency: 60 Hz

Internet Explorer Version: 6.0
Build Number: 2900

Printers list: 
\\192.168.0.44\HP LaserJet P1006
Send To OneNote 2007
Microsoft XPS Document Writer
HP LaserJet 2420 PS
HP LaserJet 1020
Canon iP1800 series
Auto HP LaserJet P1006 on HISERVER

Default printer: 
Canon iP1800 series


Profile settings:

Operations:

Format properties:
    Extension: png
    bits per pixel : 24
    compression level : 5
    quantization levels : 8
    dithering : yes
    use source alpha channel for indexed modes : yes

Save properties:
    Destination path: {Source path}
    convert with subfolders : yes
    restore subfolder structure in target folder : yes
    open target folder after conversion : yes
    create log file in target folder : yes

Target file name properties:
    Name template: {Title}.{Type}
    what to do, if file exists : auto_rename
    delete source images : no

Processing files...

=====================================================================

File 1 of 1

RAM free    :     188.6 of    1015.2 Mb
Virtual free:    1956.9 of    2047.9 Mb
Target free disk space :    5727.6 of   39236.9 Mb
Temp free disk space   :     490.4 of   14983.5 Mb

Src info : D:\Documents\projects\in progress\TA\TAAR\images\diagram_AR.bmp
bmp, 548x434px, 24bpp, 1 page(s), 96.012001x96.012001 dpi, 713550 bytes
Load all pages :  ok

Save :  ok

Dest info : D:\Documents\projects\in progress\TA\TAAR\images\diagram_AR.png
png, 548x434px, 24bpp, 1 page(s), 96.000000x96.000000 dpi, 110358 bytes

Complete at Friday, July 09, 2010    14:41:54
=========================================
Start at Friday, July 09, 2010    17:55:54
=========================================

Registration Info : 

Windows Version:
Microsoft Windows XP Home Edition Service Pack 3 (Build 2600)

Module Info:
Company: fCoder Group, Inc.
Product Name: ImageConverter Plus
Product Version: 8.0.174.100707

CPU Info:
Mode: x32 bit
Vendor: GenuineIntel
Vendor ID: Intel Corporation
Extended Processor Name: Unknown P6 family
Procesor Clock Frequecy: 1595
Logical processors per physical: 2
Stepping code: 2
MMX support: yes
MMX+ support: no
SSE support: yes
SSE2 support: yes
3DNow suppor: no
3DNow+ suppor: no
AI64 support: no
Hyperthreading support: no
L1 cache size: -1
L2 cache size: -1
L3 cache size: -1

Monitor info:
Color depth: 32 Bits per pixel.
Pixel Width: 1024
Pixel Height: 600
Refresh frequency: 60 Hz

Internet Explorer Version: 6.0
Build Number: 2900

Printers list: 
\\192.168.0.44\HP LaserJet P1006
Send To OneNote 2007
Microsoft XPS Document Writer
HP LaserJet 2420 PS
HP LaserJet 1020
Canon iP1800 series
Auto HP LaserJet P1006 on HISERVER

Default printer: 
Canon iP1800 series


Profile settings:

Operations:

Format properties:
    Extension: png
    bits per pixel : 24
    compression level : 5
    quantization levels : 8
    dithering : yes
    use source alpha channel for indexed modes : yes

Save properties:
    Destination path: {Source path}
    convert with subfolders : yes
    restore subfolder structure in target folder : yes
    open target folder after conversion : yes
    create log file in target folder : yes

Target file name properties:
    Name template: {Title}.{Type}
    what to do, if file exists : auto_rename
    delete source images : no

Processing files...

=====================================================================

File 1 of 1

RAM free    :      89.0 of    1015.2 Mb
Virtual free:    1956.2 of    2047.9 Mb
Target free disk space :    5720.1 of   39236.9 Mb
Temp free disk space   :     462.8 of   14983.5 Mb

Src info : D:\Documents\projects\in progress\TA\TAAR\images\diagram_display_AR.bmp
bmp, 548x434px, 24bpp, 1 page(s), 96.012001x96.012001 dpi, 713550 bytes

exists : rename :  ok
Load all pages :  ok

Save :  ok

Dest info : D:\Documents\projects\in progress\TA\TAAR\images\diagram_display_AR (1).png
png, 548x434px, 24bpp, 1 page(s), 96.000000x96.000000 dpi, 110358 bytes
