This is pdfTeX, Version 3.1415926-1.40.10 (TeX Live 2009/Debian) (format=pdflatex 2010.10.30)  11 DEC 2010 14:18
entering extended mode
 restricted \write18 enabled.
 %&-line parsing enabled.
**TAAR.tex
(./TAAR.tex
LaTeX2e <2009/09/24>
Babel <v3.8l> and hyphenation patterns for english, usenglishmax, dumylang, noh
yphenation, loaded.
(/usr/share/texmf-texlive/tex/latex/base/book.cls
Document Class: book 2007/10/19 v1.4h Standard LaTeX document class
(/usr/share/texmf-texlive/tex/latex/base/bk12.clo
File: bk12.clo 2007/10/19 v1.4h Standard LaTeX file (size option)
)
\c@part=\count79
\c@chapter=\count80
\c@section=\count81
\c@subsection=\count82
\c@subsubsection=\count83
\c@paragraph=\count84
\c@subparagraph=\count85
\c@figure=\count86
\c@table=\count87
\abovecaptionskip=\skip41
\belowcaptionskip=\skip42
\bibindent=\dimen102
)
(/usr/share/texmf-texlive/tex/latex/graphics/graphicx.sty
Package: graphicx 1999/02/16 v1.0f Enhanced LaTeX Graphics (DPC,SPQR)

(/usr/share/texmf-texlive/tex/latex/graphics/keyval.sty
Package: keyval 1999/03/16 v1.13 key=value parser (DPC)
\KV@toks@=\toks14
)
(/usr/share/texmf-texlive/tex/latex/graphics/graphics.sty
Package: graphics 2009/02/05 v1.0o Standard LaTeX Graphics (DPC,SPQR)

(/usr/share/texmf-texlive/tex/latex/graphics/trig.sty
Package: trig 1999/03/16 v1.09 sin cos tan (DPC)
)
(/etc/texmf/tex/latex/config/graphics.cfg
File: graphics.cfg 2009/08/28 v1.8 graphics configuration of TeX Live
)
Package graphics Info: Driver file: pdftex.def on input line 91.

(/usr/share/texmf-texlive/tex/latex/pdftex-def/pdftex.def
File: pdftex.def 2010/03/12 v0.04p Graphics/color for pdfTeX
\Gread@gobject=\count88
))
\Gin@req@height=\dimen103
\Gin@req@width=\dimen104
)
(/usr/share/texmf-texlive/tex/latex/graphics/color.sty
Package: color 2005/11/14 v1.0j Standard LaTeX Color (DPC)

(/etc/texmf/tex/latex/config/color.cfg
File: color.cfg 2007/01/18 v1.5 color configuration of teTeX/TeXLive
)
Package color Info: Driver file: pdftex.def on input line 130.
)
(/usr/share/texmf-texlive/tex/latex/geometry/geometry.sty
Package: geometry 2008/12/21 v4.2 Page Geometry

(/usr/share/texmf-texlive/tex/generic/oberdiek/ifpdf.sty
Package: ifpdf 2009/04/10 v2.0 Provides the ifpdf switch (HO)
Package ifpdf Info: pdfTeX in pdf mode detected.
)
(/usr/share/texmf-texlive/tex/generic/oberdiek/ifvtex.sty
Package: ifvtex 2008/11/04 v1.4 Switches for detecting VTeX and its modes (HO)
Package ifvtex Info: VTeX not detected.
)
\Gm@cnth=\count89
\Gm@cntv=\count90
\c@Gm@tempcnt=\count91
\Gm@bindingoffset=\dimen105
\Gm@wd@mp=\dimen106
\Gm@odd@mp=\dimen107
\Gm@even@mp=\dimen108
\Gm@dimlist=\toks15
)
(/usr/share/texmf-texlive/tex/latex/hyperref/hyperref.sty
Package: hyperref 2009/10/09 v6.79a Hypertext links for LaTeX

(/usr/share/texmf-texlive/tex/generic/ifxetex/ifxetex.sty
Package: ifxetex 2009/01/23 v0.5 Provides ifxetex conditional
)
(/usr/share/texmf-texlive/tex/latex/oberdiek/hycolor.sty
Package: hycolor 2009/10/02 v1.5 Code for color options of hyperref/bookmark (H
O)

(/usr/share/texmf-texlive/tex/latex/oberdiek/xcolor-patch.sty
Package: xcolor-patch 2009/10/02 xcolor patch
))
\@linkdim=\dimen109
\Hy@linkcounter=\count92
\Hy@pagecounter=\count93

(/usr/share/texmf-texlive/tex/latex/hyperref/pd1enc.def
File: pd1enc.def 2009/10/09 v6.79a Hyperref: PDFDocEncoding definition (HO)
)
(/usr/share/texmf-texlive/tex/generic/oberdiek/etexcmds.sty
Package: etexcmds 2007/12/12 v1.2 Prefix for e-TeX command names (HO)

(/usr/share/texmf-texlive/tex/generic/oberdiek/infwarerr.sty
Package: infwarerr 2007/09/09 v1.2 Providing info/warning/message (HO)
)
Package etexcmds Info: Could not find \expanded.
(etexcmds)             That can mean that you are not using pdfTeX 1.50 or
(etexcmds)             that some package has redefined \expanded.
(etexcmds)             In the latter case, load this package earlier.
)
(/usr/share/texmf-texlive/tex/latex/latexconfig/hyperref.cfg
File: hyperref.cfg 2002/06/06 v1.2 hyperref configuration of TeXLive
)
(/usr/share/texmf-texlive/tex/latex/oberdiek/kvoptions.sty
Package: kvoptions 2009/08/13 v3.4 Keyval support for LaTeX options (HO)

(/usr/share/texmf-texlive/tex/generic/oberdiek/kvsetkeys.sty
Package: kvsetkeys 2009/07/30 v1.5 Key value parser with default handler suppor
t (HO)
))
Package hyperref Info: Option `final' set `true' on input line 2864.
Package hyperref Info: Hyper figures OFF on input line 2975.
Package hyperref Info: Link nesting OFF on input line 2980.
Package hyperref Info: Hyper index ON on input line 2983.
Package hyperref Info: Plain pages OFF on input line 2990.
Package hyperref Info: Backreferencing OFF on input line 2995.

Implicit mode ON; LaTeX internals redefined
Package hyperref Info: Bookmarks ON on input line 3191.
(/usr/share/texmf-texlive/tex/latex/ltxmisc/url.sty
\Urlmuskip=\muskip10
Package: url 2006/04/12  ver 3.3  Verb mode for urls, etc.
)
LaTeX Info: Redefining \url on input line 3428.

(/usr/share/texmf-texlive/tex/generic/oberdiek/bitset.sty
Package: bitset 2007/09/28 v1.0 Data type bit set (HO)

(/usr/share/texmf-texlive/tex/generic/oberdiek/intcalc.sty
Package: intcalc 2007/09/27 v1.1 Expandable integer calculations (HO)
)
(/usr/share/texmf-texlive/tex/generic/oberdiek/bigintcalc.sty
Package: bigintcalc 2007/11/11 v1.1 Expandable big integer calculations (HO)

(/usr/share/texmf-texlive/tex/generic/oberdiek/pdftexcmds.sty
Package: pdftexcmds 2009/09/23 v0.6 LuaTeX support for pdfTeX utility functions
 (HO)

(/usr/share/texmf-texlive/tex/generic/oberdiek/ifluatex.sty
Package: ifluatex 2009/04/17 v1.2 Provides the ifluatex switch (HO)
Package ifluatex Info: LuaTeX not detected.
)
(/usr/share/texmf-texlive/tex/generic/oberdiek/ltxcmds.sty
Package: ltxcmds 2009/08/05 v1.0 Some LaTeX kernel commands for general use (HO
)
)
Package pdftexcmds Info: LuaTeX not detected.
Package pdftexcmds Info: \pdf@primitive is available.
Package pdftexcmds Info: \pdf@ifprimitive is available.
)))
\Fld@menulength=\count94
\Field@Width=\dimen110
\Fld@charsize=\dimen111
\Field@toks=\toks16
Package hyperref Info: Hyper figures OFF on input line 4377.
Package hyperref Info: Link nesting OFF on input line 4382.
Package hyperref Info: Hyper index ON on input line 4385.
Package hyperref Info: backreferencing OFF on input line 4392.
Package hyperref Info: Link coloring OFF on input line 4397.
Package hyperref Info: Link coloring with OCG OFF on input line 4402.
Package hyperref Info: PDF/A mode OFF on input line 4407.

(/usr/share/texmf-texlive/tex/generic/oberdiek/atbegshi.sty
Package: atbegshi 2008/07/31 v1.9 At begin shipout hook (HO)
)
\Hy@abspage=\count95
\c@Item=\count96
\c@Hfootnote=\count97
)
*hyperref using driver hpdftex*
(/usr/share/texmf-texlive/tex/latex/hyperref/hpdftex.def
File: hpdftex.def 2009/10/09 v6.79a Hyperref driver for pdfTeX
\Fld@listcount=\count98
)
(/usr/share/texmf-texlive/tex/latex/graphics/lscape.sty
Package: lscape 2000/10/22 v3.01 Landscape Pages (DPC)
)
(/usr/share/texmf-texlive/tex/latex/tools/longtable.sty
Package: longtable 2004/02/01 v4.11 Multi-page Table package (DPC)
\LTleft=\skip43
\LTright=\skip44
\LTpre=\skip45
\LTpost=\skip46
\LTchunksize=\count99
\LTcapwidth=\dimen112
\LT@head=\box26
\LT@firsthead=\box27
\LT@foot=\box28
\LT@lastfoot=\box29
\LT@cols=\count100
\LT@rows=\count101
\c@LT@tables=\count102
\c@LT@chunks=\count103
\LT@p@ftn=\toks17
)
(/usr/share/texmf-texlive/tex/latex/setspace/setspace.sty
Package: setspace 2000/12/01 6.7 Contributed and Supported LaTeX2e package

Package: `setspace' 6.7 <2000/12/01>
) (/usr/share/texmf-texlive/tex/generic/babel/babel.sty
Package: babel 2008/07/06 v3.8l The Babel package

(/usr/share/texmf-texlive/tex/generic/babel/bahasai.ldf
Language: bahasa 2008/03/15 v1.0l Bahasa Indonesia support from the babel syste
m

(/usr/share/texmf-texlive/tex/generic/babel/babel.def
File: babel.def 2008/07/06 v3.8l Babel common definitions
\babel@savecnt=\count104
\U@D=\dimen113
)

Package babel Warning: No hyphenation patterns were loaded for
(babel)                the language `Bahasa Indonesia'
(babel)                I will use the patterns loaded for \language=0 instead.

\l@bahasa = a dialect from \language0
)) (/usr/share/texmf-texlive/tex/latex/fancyhdr/fancyhdr.sty
\fancy@headwidth=\skip47
\f@ncyO@elh=\skip48
\f@ncyO@erh=\skip49
\f@ncyO@olh=\skip50
\f@ncyO@orh=\skip51
\f@ncyO@elf=\skip52
\f@ncyO@erf=\skip53
\f@ncyO@olf=\skip54
\f@ncyO@orf=\skip55
)
(/usr/share/texmf-texlive/tex/latex/lastpage/lastpage.sty
Package: lastpage 1994/06/25 v0.1b LaTeX2e package for refs to last page number
 (JPG)
)
(/usr/share/texmf-texlive/tex/latex/pstricks/pstricks.sty
Package: pstricks 2008/11/26 v0.40 LaTeX wrapper for `PSTricks' (RN,HV)

(/usr/share/texmf-texlive/tex/generic/pstricks/pstricks.tex
`PSTricks' v1.29  <2009/05/19> (tvz)
\pst@dima=\dimen114
\pst@dimb=\dimen115
\pst@dimc=\dimen116
\pst@dimd=\dimen117
\pst@dimg=\dimen118
\pst@dimh=\dimen119
\pst@hbox=\box30
\pst@boxg=\box31
\pst@cnta=\count105
\pst@cntb=\count106
\pst@cntc=\count107
\pst@cntd=\count108
\pst@cntg=\count109
\pst@cnth=\count110
\pst@toks=\toks18
(/usr/share/texmf-texlive/tex/generic/pstricks/pstricks.con)
\psunit=\dimen120
\psxunit=\dimen121
\psyunit=\dimen122
\pslinewidth=\dimen123
\pst@customdefs=\toks19
\pslinearc=\dimen124
\everypsbox=\toks20
\psframesep=\dimen125
\pslabelsep=\dimen126
\pst@shift=\dimen127
\theoverlaybox=\box32
)
File: pstricks.tex 2009/05/19 v1.29 `PSTricks' (tvz,hv)

(/usr/share/texmf/tex/latex/xcolor/xcolor.sty
Package: xcolor 2007/01/21 v2.11 LaTeX color extensions (UK)

(/etc/texmf/tex/latex/config/color.cfg
File: color.cfg 2007/01/18 v1.5 color configuration of teTeX/TeXLive
)
Package xcolor Info: Driver file: pdftex.def on input line 225.
LaTeX Info: Redefining \color on input line 702.
Package xcolor Info: Model `cmy' substituted by `cmy0' on input line 1337.
Package xcolor Info: Model `hsb' substituted by `rgb' on input line 1341.
Package xcolor Info: Model `RGB' extended on input line 1353.
Package xcolor Info: Model `HTML' substituted by `rgb' on input line 1355.
Package xcolor Info: Model `Hsb' substituted by `hsb' on input line 1356.
Package xcolor Info: Model `tHsb' substituted by `hsb' on input line 1357.
Package xcolor Info: Model `HSB' substituted by `hsb' on input line 1358.
Package xcolor Info: Model `Gray' substituted by `gray' on input line 1359.
Package xcolor Info: Model `wave' substituted by `hsb' on input line 1360.
))
(/usr/share/texmf-texlive/tex/latex/listings/listings.sty
\lst@mode=\count111
\lst@gtempboxa=\box33
\lst@token=\toks21
\lst@length=\count112
\lst@currlwidth=\dimen128
\lst@column=\count113
\lst@pos=\count114
\lst@lostspace=\dimen129
\lst@width=\dimen130
\lst@newlines=\count115
\lst@lineno=\count116
\lst@maxwidth=\dimen131

(/usr/share/texmf-texlive/tex/latex/listings/lstmisc.sty
File: lstmisc.sty 2007/02/22 1.4 (Carsten Heinz)
\c@lstnumber=\count117
\lst@skipnumbers=\count118
\lst@framebox=\box34
)
(/usr/share/texmf-texlive/tex/latex/listings/listings.cfg
File: listings.cfg 2007/02/22 1.4 listings configuration
))
Package: listings 2007/02/22 1.4 (Carsten Heinz)

(/usr/share/texmf-texlive/tex/latex/appendix/appendix.sty
Package: appendix 2009/09/02 v1.2b extra appendix facilities
\c@@pps=\count119
\c@@ppsavesec=\count120
\c@@ppsaveapp=\count121
)
(/usr/share/texmf-texlive/tex/latex/subfig/subfig.sty
Package: subfig 2005/06/28 ver: 1.3 subfig package

(/usr/share/texmf-texlive/tex/latex/caption/caption.sty
Package: caption 2009/10/09 v3.1k Customizing captions (AR)

(/usr/share/texmf-texlive/tex/latex/caption/caption3.sty
Package: caption3 2009/10/09 v3.1k caption3 kernel (AR)
\captionmargin=\dimen132
\captionmargin@=\dimen133
\captionwidth=\dimen134
\caption@indent=\dimen135
\caption@parindent=\dimen136
\caption@hangindent=\dimen137
)
\c@ContinuedFloat=\count122
Package caption Info: hyperref package is loaded.
Package caption Info: listings package is loaded.
Package caption Info: longtable package is loaded.

(/usr/share/texmf-texlive/tex/latex/caption/ltcaption.sty
Package: ltcaption 2008/03/28 v1.2 longtable captions (AR)
))
\c@KVtest=\count123
\sf@farskip=\skip56
\sf@captopadj=\dimen138
\sf@capskip=\skip57
\sf@nearskip=\skip58
\c@subfigure=\count124
\c@subfigure@save=\count125
\c@lofdepth=\count126
\c@subtable=\count127
\c@subtable@save=\count128
\c@lotdepth=\count129
\sf@top=\skip59
\sf@bottom=\skip60
)
(/usr/share/texmf-texlive/tex/latex/sidecap/sidecap.sty
Package: sidecap 2003/06/06 v1.6f SideCap Package (RN/HjG)

(/usr/share/texmf-texlive/tex/latex/base/ifthen.sty
Package: ifthen 2001/05/26 v1.1c Standard LaTeX ifthen package (DPC)
)
\SC@BOXWD=\dimen139
\SC@CAPWD=\dimen140
\SC@tempdima=\dimen141
\SC@tempdimb=\dimen142
\c@SC@C=\count130
\SC@BOX=\box35
)
(/usr/share/texmf-texlive/tex/latex/ltxmisc/ulem.sty
\UL@box=\box36
\UL@hyphenbox=\box37
\UL@skip=\skip61
\UL@hook=\toks22
\UL@pe=\count131
\UL@pixel=\dimen143
\ULC@box=\box38
Package: ulem 2000/05/26
\ULdepth=\dimen144
)
Package hyperref Info: Option `bookmarksnumbered' set `true' on input line 161.

Package hyperref Info: Option `colorlinks' set `true' on input line 161.
 (./TAAR.aux
(./kata_pengantar.aux) (./pendahuluan.aux) (./bab_2.aux) (./bab_3.aux)
(./bab_4.aux) (./bab_5.aux) (./lampiran.aux))
\openout1 = `TAAR.aux'.

LaTeX Font Info:    Checking defaults for OML/cmm/m/it on input line 208.
LaTeX Font Info:    ... okay on input line 208.
LaTeX Font Info:    Checking defaults for T1/cmr/m/n on input line 208.
LaTeX Font Info:    ... okay on input line 208.
LaTeX Font Info:    Checking defaults for OT1/cmr/m/n on input line 208.
LaTeX Font Info:    ... okay on input line 208.
LaTeX Font Info:    Checking defaults for OMS/cmsy/m/n on input line 208.
LaTeX Font Info:    ... okay on input line 208.
LaTeX Font Info:    Checking defaults for OMX/cmex/m/n on input line 208.
LaTeX Font Info:    ... okay on input line 208.
LaTeX Font Info:    Checking defaults for U/cmr/m/n on input line 208.
LaTeX Font Info:    ... okay on input line 208.
LaTeX Font Info:    Checking defaults for PD1/pdf/m/n on input line 208.
LaTeX Font Info:    ... okay on input line 208.

(/usr/share/texmf-texlive/tex/context/base/supp-pdf.mkii
[Loading MPS to PDF converter (version 2006.09.02).]
\scratchcounter=\count132
\scratchdimen=\dimen145
\scratchbox=\box39
\nofMPsegments=\count133
\nofMParguments=\count134
\everyMPshowfont=\toks23
\MPscratchCnt=\count135
\MPscratchDim=\dimen146
\MPnumerator=\count136
\everyMPtoPDFconversion=\toks24
)
*geometry detected driver: pdftex*
-------------------- Geometry parameters
paper: a4paper
landscape: --
twocolumn: --
twoside: --
asymmetric: --
h-parts: 113.81102pt, 398.3386pt, 85.35826pt
v-parts: 85.35826pt, 674.33032pt, 85.35826pt
hmarginratio: --
vmarginratio: --
lines: --
heightrounded: --
bindingoffset: 0.0pt
truedimen: --
includehead: true
includefoot: true
includemp: --
driver: pdftex
-------------------- Page layout dimensions and switches
\paperwidth  597.50787pt
\paperheight 845.04684pt
\textwidth  398.3386pt
\textheight 612.45653pt
\oddsidemargin  41.54103pt
\evensidemargin 41.54103pt
\topmargin  13.08827pt
\headheight 15.0pt
\headsep    19.8738pt
\footskip   30.0pt
\marginparwidth 38.0pt
\marginparsep   7.0pt
\columnsep  10.0pt
\skip\footins  10.8pt plus 4.0pt minus 2.0pt
\hoffset 0.0pt
\voffset 0.0pt
\mag 1000

(1in=72.27pt, 1cm=28.45pt)
-----------------------
Package hyperref Info: Link coloring ON on input line 208.
(/usr/share/texmf-texlive/tex/latex/hyperref/nameref.sty
Package: nameref 2007/05/29 v2.31 Cross-referencing by name of section

(/usr/share/texmf-texlive/tex/latex/oberdiek/refcount.sty
Package: refcount 2008/08/11 v3.1 Data extraction from references (HO)
)
\c@section@level=\count137
)
LaTeX Info: Redefining \ref on input line 208.
LaTeX Info: Redefining \pageref on input line 208.
 (./TAAR.out)
(./TAAR.out)
\@outlinefile=\write3
\openout3 = `TAAR.out'.

\AtBeginShipoutBox=\box40
\c@lstlisting=\count138
Package caption Info: Begin \AtBeginDocument code.
Package caption3 Info: subfig package 1.2 or 1.3 is loaded.
LaTeX Info: Redefining \subref on input line 208.
Package caption Info: sidecap package is loaded.
Package caption Info: End \AtBeginDocument code.
 (/usr/share/texmf-texlive/tex/latex/ms/ragged2e.sty
Package: ragged2e 2009/05/21 v2.1 ragged2e Package (MS)

(/usr/share/texmf-texlive/tex/latex/ms/everysel.sty
Package: everysel 1999/06/08 v1.03 EverySelectfont Package (MS)
LaTeX Info: Redefining \selectfont on input line 125.
)
\CenteringLeftskip=\skip62
\RaggedLeftLeftskip=\skip63
\RaggedRightLeftskip=\skip64
\CenteringRightskip=\skip65
\RaggedLeftRightskip=\skip66
\RaggedRightRightskip=\skip67
\CenteringParfillskip=\skip68
\RaggedLeftParfillskip=\skip69
\RaggedRightParfillskip=\skip70
\JustifyingParfillskip=\skip71
\CenteringParindent=\skip72
\RaggedLeftParindent=\skip73
\RaggedRightParindent=\skip74
\JustifyingParindent=\skip75
)
LaTeX Font Info:    External font `cmex10' loaded for size
(Font)              <14.4> on input line 222.
LaTeX Font Info:    External font `cmex10' loaded for size
(Font)              <7> on input line 222.
LaTeX Font Info:    External font `cmex10' loaded for size
(Font)              <12> on input line 223.
LaTeX Font Info:    External font `cmex10' loaded for size
(Font)              <8> on input line 223.
LaTeX Font Info:    External font `cmex10' loaded for size
(Font)              <6> on input line 223.

<./images/logoUSU.png, id=263, 88.85655pt x 88.85655pt>
File: ./images/logoUSU.png Graphic file (type png)

<use ./images/logoUSU.png> [1
Non-PDF special ignored!
Non-PDF special ignored!
Non-PDF special ignored!


{/var/lib/texmf/fonts/map/pdftex/updmap/pdftex.map} <./images/logoUSU.png>] [1]
 [2

]
\openout2 = `kata_pengantar.aux'.

 (./kata_pengantar.tex [3


]) [4] (./TAAR.toc
[5



] [6])
\tf@toc=\write4
\openout4 = `TAAR.toc'.

 [7] (./TAAR.lot)
\tf@lot=\write5
\openout5 = `TAAR.lot'.

 [8


] (./TAAR.lof [9


])
\tf@lof=\write6
\openout6 = `TAAR.lof'.

 [10]
\openout2 = `pendahuluan.aux'.

 (./pendahuluan.tex
Bab 1.
pdfTeX warning (ext4): destination with the same identifier (name{page.1}) has 
been already used, duplicate ignored
<to be read again> 
                   \relax 
l.11 
      [1


]
Overfull \hbox (8.45534pt too wide) in paragraph at lines 12--13
\OT1/cmr/m/n/12 hanya da-pat ber-jalan di plat-form ter-ten-tu sa-ja. Dengan be
rkem-bangnya teknolo-
 []

[2] [3] [4]) [5]
\openout2 = `bab_2.aux'.

 (./bab_2.tex
Bab 2.
LaTeX Font Info:    Try loading font information for OMS+cmr on input line 14.
(/usr/share/texmf-texlive/tex/latex/base/omscmr.fd
File: omscmr.fd 1999/05/25 v2.5h Standard LaTeX font definitions
)
LaTeX Font Info:    Font shape `OMS/cmr/m/n' in size <12> not available
(Font)              Font shape `OMS/cmsy/m/n' tried instead on input line 14.
 [6



]
<./images/Milgram_Continuum.png, id=487, 301.125pt x 68.255pt>
File: ./images/Milgram_Continuum.png Graphic file (type png)

<use ./images/Milgram_Continuum.png>

LaTeX Warning: `h' float specifier changed to `ht'.

[7] <images/diagram_display_AR.png, id=495, 550.055pt x 435.6275pt>
File: images/diagram_display_AR.png Graphic file (type png)

<use images/diagram_display_AR.png> [8 <./images/Milgram_Continuum.png (PNG cop
y)> <./images/diagram_display_AR.png (PNG copy)>] [9]
<./images/opaque_HMD.PNG, id=513, 567.11874pt x 317.185pt>
File: ./images/opaque_HMD.PNG Graphic file (type png)

<use ./images/opaque_HMD.PNG>
<./images/actual_opaque_HMD.PNG, id=517, 263.98625pt x 279.0425pt>
File: ./images/actual_opaque_HMD.PNG Graphic file (type png)

<use ./images/actual_opaque_HMD.PNG>

LaTeX Warning: `h' float specifier changed to `ht'.

[10 <./images/opaque_HMD.PNG (PNG copy)>]
<./images/see-trough_HMD.PNG, id=526, 495.8525pt x 272.01625pt>
File: ./images/see-trough_HMD.PNG Graphic file (type png)

<use ./images/see-trough_HMD.PNG>
<./images/actual_see-trough_HMD.PNG, id=527, 411.5375pt x 191.71625pt>
File: ./images/actual_see-trough_HMD.PNG Graphic file (type png)

<use ./images/actual_see-trough_HMD.PNG>

LaTeX Warning: `h' float specifier changed to `ht'.

<./images/hmpd.jpg, id=530, 202.356pt x 82.8696pt>
File: ./images/hmpd.jpg Graphic file (type jpg)
 <use ./images/hmpd.jpg>

LaTeX Warning: `h' float specifier changed to `ht'.


Overfull \hbox (2.47432pt too wide) in paragraph at lines 122--123
\OT1/cmr/m/it/12 play \OT1/cmr/m/n/12 (RSD), mem-proyek-sikan ca-haya lang-sung
 kepa-da reti-na ma-ta pengguna[[]].
 []

[11 <./images/actual_opaque_HMD.PNG (PNG copy)> <./images/see-trough_HMD.PNG (P
NG copy)>]
<images/virtual_retina_diagram.png, id=538, 466.74374pt x 402.50375pt>
File: images/virtual_retina_diagram.png Graphic file (type png)

<use images/virtual_retina_diagram.png>

LaTeX Warning: `!h' float specifier changed to `!ht'.

[12 <./images/actual_see-trough_HMD.PNG (PNG copy)> <./images/hmpd.jpg>]
<images/handphone_AR.png, id=546, 451.6875pt x 339.2675pt>
File: images/handphone_AR.png Graphic file (type png)

<use images/handphone_AR.png> [13 <./images/virtual_retina_diagram.png (PNG cop
y)> <./images/handphone_AR.png (PNG copy)>]
<images/screen_SAR.png, id=554, 489.83pt x 511.9125pt>
File: images/screen_SAR.png Graphic file (type png)

<use images/screen_SAR.png> [14 <./images/screen_SAR.png>] [15]
Overfull \hbox (2.97298pt too wide) in paragraph at lines 193--194
\OT1/cmr/m/n/12 Kebanyakan \OT1/cmr/m/it/12 de-sign-er \OT1/cmr/m/n/12 dan \OT1
/cmr/m/it/12 de-vel-op-er \OT1/cmr/m/n/12 meng-gu-nakan Adobe Flash ataupun Ado
be
 []

[16] [17] <./images/compile_flex.png, id=582, 352.09944pt x 300.6432pt>
File: ./images/compile_flex.png Graphic file (type png)

<use ./images/compile_flex.png> [18 <./images/compile_flex.png (PNG copy)>]
Overfull \hbox (11.5935pt too wide) in paragraph at lines 222--222
[]\OT1/cmr/bx/it/17.28 Library \OT1/cmr/bx/n/17.28 Pen-dukung Aug-ment-ed Re-al
-i-ty Pa-
 []

[19]
Overfull \hbox (3.70018pt too wide) in paragraph at lines 257--258
\OT1/cmr/m/n/12 se-buah \OT1/cmr/m/it/12 we-b-cam\OT1/cmr/m/n/12 , seper-ti yan
g di-tun-jukkan gam-bar [][]2.12[][]. Video yang di-\OT1/cmr/m/it/12 streaming
 []

<./images/flartk/capture_webcam.JPG, id=593, 248.42813pt x 182.93344pt>
File: ./images/flartk/capture_webcam.JPG Graphic file (type jpg)

<use ./images/flartk/capture_webcam.JPG>

LaTeX Warning: `h' float specifier changed to `ht'.

<./images/flartk/distorted_image.JPG, id=594, 387.4475pt x 149.55875pt>
File: ./images/flartk/distorted_image.JPG Graphic file (type jpg)

<use ./images/flartk/distorted_image.JPG>

LaTeX Warning: `h' float specifier changed to `ht'.

Missing character: There is no â in font cmr12!
Missing character: There is no € in font cmr12!
Missing character: There is no “ in font cmr12!
<./images/flartk/binarize.JPG, id=596, 249.18094pt x 188.20313pt>
File: ./images/flartk/binarize.JPG Graphic file (type jpg)

<use ./images/flartk/binarize.JPG> [20] [21 <./images/flartk/capture_webcam.JPG
> <./images/flartk/distorted_image.JPG>]
<./images/flartk/labelling.JPG, id=614, 249.18094pt x 188.20313pt>
File: ./images/flartk/labelling.JPG Graphic file (type jpg)

<use ./images/flartk/labelling.JPG> [22 <./images/flartk/binarize.JPG> <./image
s/flartk/labelling.JPG>]
<./images/flartk/find_squares.JPG, id=620, 249.93375pt x 188.20313pt>
File: ./images/flartk/find_squares.JPG Graphic file (type jpg)

<use ./images/flartk/find_squares.JPG>
<./images/flartk/marker_spec.JPG, id=621, 335.00156pt x 178.41656pt>
File: ./images/flartk/marker_spec.JPG Graphic file (type jpg)

<use ./images/flartk/marker_spec.JPG> [23 <./images/flartk/find_squares.JPG>]
<./images/flartk/render_3d_objects.JPG, id=628, 249.18094pt x 186.6975pt>
File: ./images/flartk/render_3d_objects.JPG Graphic file (type jpg)

<use ./images/flartk/render_3d_objects.JPG>

LaTeX Warning: `!h' float specifier changed to `!ht'.

[24 <./images/flartk/marker_spec.JPG>] [25 <./images/flartk/render_3d_objects.J
PG>]) [26]
\openout2 = `bab_3.aux'.

 (./bab_3.tex
Bab 3.
<./images/real_virtual_ar.png, id=645, 409.53pt x 521.95pt>
File: ./images/real_virtual_ar.png Graphic file (type png)

<use ./images/real_virtual_ar.png>

LaTeX Warning: `h' float specifier changed to `ht'.

<./images/gambaran_sistem_ar.png, id=648, 560.0925pt x 331.2375pt>
File: ./images/gambaran_sistem_ar.png Graphic file (type png)

<use ./images/gambaran_sistem_ar.png> [27



]

LaTeX Warning: `h' float specifier changed to `ht'.

[28 <./images/real_virtual_ar.png (PNG copy)>] [29 <./images/gambaran_sistem_ar
.png (PNG copy)>]
<./images/flowchart/aplikasi.png, id=664, 272.01625pt x 493.845pt>
File: ./images/flowchart/aplikasi.png Graphic file (type png)

<use ./images/flowchart/aplikasi.png> [30 <./images/flowchart/aplikasi.png (PNG
 copy)>] <./images/class.png, id=671, 704.6325pt x 568.1225pt>
File: ./images/class.png Graphic file (type png)

<use ./images/class.png>

LaTeX Warning: `h' float specifier changed to `ht'.


Overfull \hbox (21.43459pt too wide) in paragraph at lines 71--73
\OT1/cmr/m/n/12 ob-jek 3D yang da-pat di-pang-gil dari ke-las uta-ma. \OT1/cmr/
bx/n/12 AR3DVModelContainer
 []

[31] <./images/init_sequence.png, id=677, 668.4975pt x 525.965pt>
File: ./images/init_sequence.png Graphic file (type png)

<use ./images/init_sequence.png>

LaTeX Warning: `h' float specifier changed to `ht'.

[32 <./images/class.png (PNG copy)>] [33 <./images/init_sequence.png (PNG copy)
>] [34] [35]
Package hyperref Info: bookmark level for unknown lstlisting defaults to 0 on i
nput line 125.

Overfull \hbox (6.0pt too wide) in paragraph at lines 125--125
[][][][][][][] 
 []

LaTeX Font Info:    Font shape `OT1/cmtt/bx/n' in size <8> not available
(Font)              Font shape `OT1/cmtt/m/n' tried instead on input line 126.

Overfull \hbox (6.0pt too wide) in paragraph at lines 135--135
[][][][][][][] 
 []


Overfull \hbox (6.0pt too wide) in paragraph at lines 147--147
[][][][][][][] 
 []

[36]
Overfull \hbox (0.85345pt too wide) in paragraph at lines 166--167
[]\OT1/cmr/m/n/12 Method \OT1/cmr/bx/n/12 par-seC-on-fig-File \OT1/cmr/m/n/12 a
kan me-\OT1/cmr/m/it/12 load \OT1/cmr/m/n/12 ob-jek 3D dengan ban-tu-an ob-jek 
\OT1/cmr/bx/n/12 mod-
 []


Overfull \hbox (6.0pt too wide) in paragraph at lines 173--173
[][][][][][][] 
 []


Overfull \hbox (5.108pt too wide) in paragraph at lines 183--185
\OT1/cmr/bx/n/12 dan [source-Height])\OT1/cmr/m/n/12 , di-men-si video yang di-
ta-mpilkan \OT1/cmr/bx/n/12 ([dis-play-Width]
 []

[37]
Overfull \hbox (6.0pt too wide) in paragraph at lines 202--202
[][][][][][][] 
 []

[38]
Overfull \hbox (6.0pt too wide) in paragraph at lines 220--220
[][][][][][][] 
 []


Overfull \hbox (26.70268pt too wide) in paragraph at lines 240--241
\OT1/cmr/m/n/12 ar3dvContainer di set \OT1/cmr/m/it/12 vis-i-bil-i-ty \OT1/cmr/
m/n/12 nya ke ni-lai \OT1/cmr/bx/n/12 true \OT1/cmr/m/n/12 yang be-rar-ti ob-je
k 3D dimunculkan.
 []


Overfull \hbox (6.65579pt too wide) in paragraph at lines 244--245
\OT1/cmr/bx/n/12 derEngine \OT1/cmr/m/n/12 dan \OT1/cmr/bx/n/12 Ba-si-cRen-derE
ngine\OT1/cmr/m/n/12 . Ke-d-u-anya sama, hanya memi-li-ki perbe-
 []

[39]
Overfull \hbox (6.0pt too wide) in paragraph at lines 246--246
[][][][][][][] 
 []


Overfull \hbox (6.0pt too wide) in paragraph at lines 256--256
[][][][][][][] 
 []

[40] <./images/as_to_swf.png, id=820, 662.475pt x 508.90125pt>
File: ./images/as_to_swf.png Graphic file (type png)

<use ./images/as_to_swf.png>) [41 <./images/as_to_swf.png (PNG copy)>]
\openout2 = `bab_4.aux'.


(./bab_4.tex
Bab 4.
<./images/ar3dv/monas_ar.png, id=828, 319.1925pt x 292.09125pt>
File: ./images/ar3dv/monas_ar.png Graphic file (type png)

<use ./images/ar3dv/monas_ar.png>

LaTeX Warning: `h' float specifier changed to `ht'.

[42



]
Overfull \hbox (6.0pt too wide) in paragraph at lines 34--34
[][][][][][][] 
 []


LaTeX Warning: Reference `fig:fps_ar3dv' on page 43 undefined on input line 39.


<./images/ar3dv/monas_stats.png, id=837, 304.88907pt x 345.54094pt>
File: ./images/ar3dv/monas_stats.png Graphic file (type png)

<use ./images/ar3dv/monas_stats.png> [43 <./images/ar3dv/monas_ar.png (PNG copy
)>]
Overfull \hbox (12.34427pt too wide) in paragraph at lines 52--62
 [] 
 []

) [44 <./images/ar3dv/monas_stats.png (PNG copy)>]
\openout2 = `bab_5.aux'.

 (./bab_5.tex
Bab 5.
[45



]) [46] (./TAAR.bbl
Underfull \hbox (badness 1137) in paragraph at lines 37--41
|   []   |   []   |   []   |   []   |   []   |   []   |   []
 []

[47


]) [48]
\openout2 = `lampiran.aux'.

 (./lampiran.tex
Lampiran A.
(./source_code/src/ar3dv/AR3DV.as [49


] [50] [51] [52]) [53]
(./source_code/src/ar3dv/AR3DVModelContainer.as [54] [55] [56]) [57]
(./source_code/src/ar3dv/AR3DVModel.as [58] [59]) [60]
(./source_code/src/ar3dv/AR3DVModelEvent.as) [61])
AED: lastpage setting LastPage (./TAAR.aux (./kata_pengantar.aux)
(./pendahuluan.aux) (./bab_2.aux) (./bab_3.aux) (./bab_4.aux) (./bab_5.aux)
(./lampiran.aux))

LaTeX Warning: There were undefined references.

 ) 
Here is how much of TeX's memory you used:
 10582 strings out of 495061
 153466 string characters out of 1182620
 472656 words of memory out of 3000000
 12731 multiletter control sequences out of 15000+50000
 11693 words of font info for 41 fonts, out of 3000000 for 9000
 54 hyphenation exceptions out of 8191
 44i,12n,43p,1202b,1756s stack positions out of 5000i,500n,10000p,200000b,50000s
</usr/share/texmf-texlive/fonts/type1/public/amsfonts/cm/cmbx12.pfb></usr/sha
re/texmf-texlive/fonts/type1/public/amsfonts/cm/cmbxti10.pfb></usr/share/texmf-
texlive/fonts/type1/public/amsfonts/cm/cmr12.pfb></usr/share/texmf-texlive/font
s/type1/public/amsfonts/cm/cmr8.pfb></usr/share/texmf-texlive/fonts/type1/publi
c/amsfonts/cm/cmsl12.pfb></usr/share/texmf-texlive/fonts/type1/public/amsfonts/
cm/cmsy10.pfb></usr/share/texmf-texlive/fonts/type1/public/amsfonts/cm/cmti12.p
fb></usr/share/texmf-texlive/fonts/type1/public/amsfonts/cm/cmtt8.pfb>
Output written on TAAR.pdf (72 pages, 2510014 bytes).
PDF statistics:
 1545 PDF objects out of 1728 (max. 8388607)
 749 named destinations out of 1000 (max. 500000)
 656 words of extra memory for PDF output out of 10000 (max. 10000000)

